{"level":"info","message":"WebSocket server initialized","service":"collaborative-workspace","timestamp":"2025-12-28 10:05:09"}
{"level":"info","message":"WebSocket service initialized","service":"collaborative-workspace","timestamp":"2025-12-28 10:05:09"}
{"level":"info","message":"API documentation available at /api-docs","service":"collaborative-workspace","timestamp":"2025-12-28 10:05:09"}
{"level":"info","message":"🚀 Server running on http://localhost:3000","service":"collaborative-workspace","timestamp":"2025-12-28 10:05:09"}
{"level":"info","message":"📚 API Documentation: http://localhost:3000/api-docs","service":"collaborative-workspace","timestamp":"2025-12-28 10:05:09"}
{"level":"info","message":"📊 Metrics: http://localhost:3000/metrics","service":"collaborative-workspace","timestamp":"2025-12-28 10:05:09"}
{"level":"info","message":"💚 Health Check: http://localhost:3000/health","service":"collaborative-workspace","timestamp":"2025-12-28 10:05:09"}
{"level":"info","message":"🔌 WebSocket: ws://localhost:3000","service":"collaborative-workspace","timestamp":"2025-12-28 10:05:09"}
{"level":"info","message":"Environment: development","service":"collaborative-workspace","timestamp":"2025-12-28 10:05:09"}
{"level":"info","message":"SIGINT signal received: closing HTTP server","service":"collaborative-workspace","timestamp":"2025-12-28 10:05:16"}
{"level":"info","message":"WebSocket server initialized","service":"collaborative-workspace","timestamp":"2025-12-28 10:09:47"}
{"level":"info","message":"WebSocket service initialized","service":"collaborative-workspace","timestamp":"2025-12-28 10:09:47"}
{"level":"info","message":"API documentation available at /api-docs","service":"collaborative-workspace","timestamp":"2025-12-28 10:09:47"}
{"level":"info","message":"🚀 Server running on http://localhost:3000","service":"collaborative-workspace","timestamp":"2025-12-28 10:09:47"}
{"level":"info","message":"📚 API Documentation: http://localhost:3000/api-docs","service":"collaborative-workspace","timestamp":"2025-12-28 10:09:47"}
{"level":"info","message":"📊 Metrics: http://localhost:3000/metrics","service":"collaborative-workspace","timestamp":"2025-12-28 10:09:47"}
{"level":"info","message":"💚 Health Check: http://localhost:3000/health","service":"collaborative-workspace","timestamp":"2025-12-28 10:09:47"}
{"level":"info","message":"🔌 WebSocket: ws://localhost:3000","service":"collaborative-workspace","timestamp":"2025-12-28 10:09:47"}
{"level":"info","message":"Environment: development","service":"collaborative-workspace","timestamp":"2025-12-28 10:09:47"}
{"level":"info","message":"SIGINT signal received: closing HTTP server","service":"collaborative-workspace","timestamp":"2025-12-28 10:11:15"}
